# JRE version: OpenJDK Runtime Environment (17.0.10) (build 17.0.10+0--11572160)
# Java VM: OpenJDK 64-Bit Server VM (17.0.10+0--11572160, mixed mode, tiered, compressed oops, compressed class ptrs, g1 gc, windows-amd64)
GC Precious Log:
 CPUs: 8 total, 8 available
 Memory: 16227M
 Large Page Support: Disabled
 NUMA Support: Disabled
 Compressed Oops: Enabled (Zero based)
 Heap Region Size: 2M
 Heap Min Capacity: 8M
 Heap Initial Capacity: 254M
 Heap Max Capacity: 4G
 Pre-touch: Disabled
 Parallel Workers: 8
 Concurrent Workers: 2
 Concurrent Refinement Workers: 8
 Periodic GC: Disabled
Heap:
 garbage-first heap   total 802816K, used 425162K [0x0000000700000000, 0x0000000800000000)
  region size 2048K, 3 young (6144K), 3 survivors (6144K)
 Metaspace       used 157169K, committed 158848K, reserved 1245184K
  class space    used 21049K, committed 21760K, reserved 1048576K
GC Heap History (20 events):
Event: 94.129 GC heap after
{Heap after GC invocations=67 (full 0):
 garbage-first heap   total 516096K, used 318295K [0x0000000700000000, 0x0000000800000000)
  region size 2048K, 4 young (8192K), 4 survivors (8192K)
 Metaspace       used 142366K, committed 144128K, reserved 1179648K
  class space    used 18778K, committed 19520K, reserved 1048576K
}
Event: 94.809 GC heap before
{Heap before GC invocations=67 (full 0):
 garbage-first heap   total 516096K, used 353111K [0x0000000700000000, 0x0000000800000000)
  region size 2048K, 11 young (22528K), 4 survivors (8192K)
 Metaspace       used 142561K, committed 144256K, reserved 1179648K
  class space    used 18804K, committed 19520K, reserved 1048576K
}
Event: 94.818 GC heap after
{Heap after GC invocations=68 (full 0):
 garbage-first heap   total 516096K, used 327646K [0x0000000700000000, 0x0000000800000000)
  region size 2048K, 4 young (8192K), 4 survivors (8192K)
 Metaspace       used 142561K, committed 144256K, reserved 1179648K
  class space    used 18804K, committed 19520K, reserved 1048576K
}
Event: 94.836 GC heap before
{Heap before GC invocations=68 (full 0):
 garbage-first heap   total 516096K, used 399326K [0x0000000700000000, 0x0000000800000000)
  region size 2048K, 5 young (10240K), 4 survivors (8192K)
 Metaspace       used 142561K, committed 144256K, reserved 1179648K
  class space    used 18804K, committed 19520K, reserved 1048576K
}
Event: 94.848 GC heap after
{Heap after GC invocations=69 (full 0):
 garbage-first heap   total 516096K, used 399298K [0x0000000700000000, 0x0000000800000000)
  region size 2048K, 4 young (8192K), 4 survivors (8192K)
 Metaspace       used 142561K, committed 144256K, reserved 1179648K
  class space    used 18804K, committed 19520K, reserved 1048576K
}
Event: 96.443 GC heap before
{Heap before GC invocations=70 (full 0):
 garbage-first heap   total 696320K, used 513986K [0x0000000700000000, 0x0000000800000000)
  region size 2048K, 21 young (43008K), 4 survivors (8192K)
 Metaspace       used 142453K, committed 144128K, reserved 1179648K
  class space    used 18833K, committed 19584K, reserved 1048576K
}
Event: 96.467 GC heap after
{Heap after GC invocations=71 (full 0):
 garbage-first heap   total 696320K, used 456664K [0x0000000700000000, 0x0000000800000000)
  region size 2048K, 3 young (6144K), 3 survivors (6144K)
 Metaspace       used 142453K, committed 144128K, reserved 1179648K
  class space    used 18833K, committed 19584K, reserved 1048576K
}
Event: 97.299 GC heap before
{Heap before GC invocations=71 (full 0):
 garbage-first heap   total 696320K, used 483288K [0x0000000700000000, 0x0000000800000000)
  region size 2048K, 17 young (34816K), 3 survivors (6144K)
 Metaspace       used 144043K, committed 145728K, reserved 1179648K
  class space    used 19055K, committed 19776K, reserved 1048576K
}
Event: 97.318 GC heap after
{Heap after GC invocations=72 (full 0):
 garbage-first heap   total 696320K, used 440048K [0x0000000700000000, 0x0000000800000000)
  region size 2048K, 2 young (4096K), 2 survivors (4096K)
 Metaspace       used 144043K, committed 145728K, reserved 1179648K
  class space    used 19055K, committed 19776K, reserved 1048576K
}
Event: 100.749 GC heap before
{Heap before GC invocations=72 (full 0):
 garbage-first heap   total 696320K, used 526064K [0x0000000700000000, 0x0000000800000000)
  region size 2048K, 46 young (94208K), 2 survivors (4096K)
 Metaspace       used 150406K, committed 152064K, reserved 1245184K
  class space    used 20003K, committed 20736K, reserved 1048576K
}
Event: 100.766 GC heap after
{Heap after GC invocations=73 (full 0):
 garbage-first heap   total 696320K, used 448921K [0x0000000700000000, 0x0000000800000000)
  region size 2048K, 6 young (12288K), 6 survivors (12288K)
 Metaspace       used 150406K, committed 152064K, reserved 1245184K
  class space    used 20003K, committed 20736K, reserved 1048576K
}
Event: 102.882 GC heap before
{Heap before GC invocations=74 (full 0):
 garbage-first heap   total 802816K, used 629145K [0x0000000700000000, 0x0000000800000000)
  region size 2048K, 71 young (145408K), 6 survivors (12288K)
 Metaspace       used 154405K, committed 156096K, reserved 1245184K
  class space    used 20697K, committed 21440K, reserved 1048576K
}
Event: 102.926 GC heap after
{Heap after GC invocations=75 (full 0):
 garbage-first heap   total 802816K, used 504933K [0x0000000700000000, 0x0000000800000000)
  region size 2048K, 9 young (18432K), 9 survivors (18432K)
 Metaspace       used 154405K, committed 156096K, reserved 1245184K
  class space    used 20697K, committed 21440K, reserved 1048576K
}
Event: 103.203 GC heap before
{Heap before GC invocations=75 (full 0):
 garbage-first heap   total 802816K, used 525413K [0x0000000700000000, 0x0000000800000000)
  region size 2048K, 19 young (38912K), 9 survivors (18432K)
 Metaspace       used 154922K, committed 156608K, reserved 1245184K
  class space    used 20782K, committed 21504K, reserved 1048576K
}
Event: 103.238 GC heap after
{Heap after GC invocations=76 (full 0):
 garbage-first heap   total 802816K, used 501811K [0x0000000700000000, 0x0000000800000000)
  region size 2048K, 3 young (6144K), 3 survivors (6144K)
 Metaspace       used 154922K, committed 156608K, reserved 1245184K
  class space    used 20782K, committed 21504K, reserved 1048576K
}
Event: 105.399 GC heap before
{Heap before GC invocations=76 (full 0):
 garbage-first heap   total 802816K, used 618547K [0x0000000700000000, 0x0000000800000000)
  region size 2048K, 62 young (126976K), 3 survivors (6144K)
 Metaspace       used 155735K, committed 157440K, reserved 1245184K
  class space    used 20857K, committed 21568K, reserved 1048576K
}
Event: 105.446 GC heap after
{Heap after GC invocations=77 (full 0):
 garbage-first heap   total 802816K, used 525554K [0x0000000700000000, 0x0000000800000000)
  region size 2048K, 10 young (20480K), 10 survivors (20480K)
 Metaspace       used 155735K, committed 157440K, reserved 1245184K
  class space    used 20857K, committed 21568K, reserved 1048576K
}
Event: 107.054 GC heap before
{Heap before GC invocations=78 (full 0):
 garbage-first heap   total 802816K, used 513266K [0x0000000700000000, 0x0000000800000000)
  region size 2048K, 74 young (151552K), 10 survivors (20480K)
 Metaspace       used 157049K, committed 158720K, reserved 1245184K
  class space    used 21049K, committed 21760K, reserved 1048576K
}
Event: 107.189 GC heap after
{Heap after GC invocations=79 (full 0):
 garbage-first heap   total 802816K, used 421229K [0x0000000700000000, 0x0000000800000000)
  region size 2048K, 10 young (20480K), 10 survivors (20480K)
 Metaspace       used 157049K, committed 158720K, reserved 1245184K
  class space    used 21049K, committed 21760K, reserved 1048576K
}
Event: 107.321 GC heap before
{Heap before GC invocations=79 (full 0):
 garbage-first heap   total 802816K, used 439661K [0x0000000700000000, 0x0000000800000000)
  region size 2048K, 19 young (38912K), 10 survivors (20480K)
 Metaspace       used 157169K, committed 158848K, reserved 1245184K
  class space    used 21049K, committed 21760K, reserved 1048576K
}

